/VfoldPipeline_standalone/Vfold3DLA/Data/vfold3D/vfold3D_motif.o /Games/9C75/9C75/9C75/9C75_vfold.2d /Games/9C75/9C75/9C75/9C75_vfold3D.mtf /Games/9C75/9C75/9C75/9C75_vfold3D.err 0
Sequence size: 72
Nloop=7

/VfoldPipeline_standalone/Vfold3DLA/Data/vfold3D/vfold3D_pdb.o /VfoldPipeline_standalone/Vfold3DLA/Data /Games/9C75/9C75/9C75/9C75_vfold.2d /Games/9C75/9C75/9C75/9C75_vfold3D.mtf /Games/9C75/9C75/9C75/9C75_vfold3D_init0.pdb /Games/9C75/9C75/9C75/9C75_vfold3D.err 0  /Games/9C75/excluded_pdblist
vfold3D excluded pdblist:
2-way 0 1 chain  A 13 A 14 A 30 A 32 sequence GC GAC
3-way 1 6 2 chain  A 8 A 10 A 35 A 42 A 62 A 65 sequence UGG UACAGGCC GAUA
HAIRPIN 3 chain  A 20 A 24 sequence CAAUG
HAIRPIN 5 chain  A 49 A 55 sequence GAAACAC
HELIX 4 chain  A 10 A 13 A 32 A 35 sequence GGCG CGUU
HELIX 7 chain  A 14 A 20 A 24 A 30 sequence CAGCGUC GACGCUG
HELIX 8 chain  A 1 A 8 A 65 A 72 sequence GGCACUAU AUAGUGCC
HELIX 8 chain  A 42 A 49 A 55 A 62 sequence CAGACAAG CUUGUCUG
2-way 0 1 GC GAC 1095
3-way 1 6 2 UGG UACAGGCC GAUA 20
HAIRPIN 3 CAAUG 158
HAIRPIN 5 GAAACAC 780
 motifID: 0   2-way 0 1 chain  A 13 A 14 A 30 A 32 sequence GC GAC
4gar GC GAC  chain A 36 A 37 A 442 A 444 
 motifID: 1   3-way 1 6 2 chain  A 8 A 10 A 35 A 42 A 62 A 65 sequence UGG UACAGGCC GAUA
4a18 UGG UGAGGGGC GCGA  chain  1 547 1 549 1 618 1 625 1 632 1 635 
 motifID: 2   HAIRPIN 3 chain  A 20 A 24 sequence CAAUG
6tmf CAACG  chain A 398 A 402 
 motifID: 3   HAIRPIN 5 chain  A 49 A 55 sequence GAAACAC
4kzd GAAACAC  chain R 37 R 43 
 motifID: 4   HELIX 4 chain  A 10 A 13 A 32 A 35 sequence GGCG CGUU
 motifID: 5   HELIX 7 chain  A 14 A 20 A 24 A 30 sequence CAGCGUC GACGCUG
 motifID: 6   HELIX 8 chain  A 1 A 8 A 65 A 72 sequence GGCACUAU AUAGUGCC
 motifID: 7   HELIX 8 chain  A 42 A 49 A 55 A 62 sequence CAGACAAG CUUGUCUG
model_scaffold: 1
PK: 0
HELIX 4 chain  A 10 A 13 A 32 A 35 sequence GGCG CGUU
2-way 0 1 chain  A 13 A 14 A 30 A 32 sequence GC GAC
4 A 32 - 0 A 13
2-way 0 1 chain  A 13 A 14 A 30 A 32 sequence GC GAC
HELIX 7 chain  A 14 A 20 A 24 A 30 sequence CAGCGUC GACGCUG
0 A 30 - 5 A 14
HELIX 4 chain  A 10 A 13 A 32 A 35 sequence GGCG CGUU
3-way 1 6 2 chain  A 8 A 10 A 35 A 42 A 62 A 65 sequence UGG UACAGGCC GAUA
4 A 35 - 1 A 10
3-way 1 6 2 chain  A 8 A 10 A 35 A 42 A 62 A 65 sequence UGG UACAGGCC GAUA
HELIX 8 chain  A 1 A 8 A 65 A 72 sequence GGCACUAU AUAGUGCC
1 A 65 - 6 A 8
3-way 1 6 2 chain  A 8 A 10 A 35 A 42 A 62 A 65 sequence UGG UACAGGCC GAUA
HELIX 8 chain  A 42 A 49 A 55 A 62 sequence CAGACAAG CUUGUCUG
1 A 62 - 7 A 42
HELIX 7 chain  A 14 A 20 A 24 A 30 sequence CAGCGUC GACGCUG
HAIRPIN 3 chain  A 20 A 24 sequence CAAUG
5 A 24 - 2 A 20
HELIX 8 chain  A 42 A 49 A 55 A 62 sequence CAGACAAG CUUGUCUG
HAIRPIN 5 chain  A 49 A 55 sequence GAAACAC
7 A 55 - 3 A 49
All atom
model_allatom: 1
4a1b UGG UGAGGGGC GCGA  chain  1 547 1 549 1 618 1 625 1 632 1 635 
 motifID: 2   HAIRPIN 3 chain  A 20 A 24 sequence CAAUG
6tmf CAACG  chain A 398 A 402 
 motifID: 3   HAIRPIN 5 chain  A 49 A 55 sequence GAAACAC
4kzd GAAACAC  chain R 37 R 43 
 motifID: 4   HELIX 4 chain  A 10 A 13 A 32 A 35 sequence GGCG CGUU
 motifID: 5   HELIX 7 chain  A 14 A 20 A 24 A 30 sequence CAGCGUC GACGCUG
 motifID: 6   HELIX 8 chain  A 1 A 8 A 65 A 72 sequence GGCACUAU AUAGUGCC
 motifID: 7   HELIX 8 chain  A 42 A 49 A 55 A 62 sequence CAGACAAG CUUGUCUG
model_scaffold: 2
PK: 0
HELIX 4 chain  A 10 A 13 A 32 A 35 sequence GGCG CGUU
2-way 0 1 chain  A 13 A 14 A 30 A 32 sequence GC GAC
4 A 32 - 0 A 13
2-way 0 1 chain  A 13 A 14 A 30 A 32 sequence GC GAC
HELIX 7 chain  A 14 A 20 A 24 A 30 sequence CAGCGUC GACGCUG
0 A 30 - 5 A 14
HELIX 4 chain  A 10 A 13 A 32 A 35 sequence GGCG CGUU
3-way 1 6 2 chain  A 8 A 10 A 35 A 42 A 62 A 65 sequence UGG UACAGGCC GAUA
4 A 35 - 1 A 10
3-way 1 6 2 chain  A 8 A 10 A 35 A 42 A 62 A 65 sequence UGG UACAGGCC GAUA
HELIX 8 chain  A 1 A 8 A 65 A 72 sequence GGCACUAU AUAGUGCC
1 A 65 - 6 A 8
3-way 1 6 2 chain  A 8 A 10 A 35 A 42 A 62 A 65 sequence UGG UACAGGCC GAUA
HELIX 8 chain  A 42 A 49 A 55 A 62 sequence CAGACAAG CUUGUCUG
1 A 62 - 7 A 42
HELIX 7 chain  A 14 A 20 A 24 A 30 sequence CAGCGUC GACGCUG
HAIRPIN 3 chain  A 20 A 24 sequence CAAUG
5 A 24 - 2 A 20
HELIX 8 chain  A 42 A 49 A 55 A 62 sequence CAGACAAG CUUGUCUG
HAIRPIN 5 chain  A 49 A 55 sequence GAAACAC
7 A 55 - 3 A 49
All atom
model_allatom: 2
4v8p UGG UGAGGGGC GCGA  chain  A 547 A 549 A 618 A 625 A 632 A 635 
 motifID: 2   HAIRPIN 3 chain  A 20 A 24 sequence CAAUG
6tmf CAACG  chain A 398 A 402 
 motifID: 3   HAIRPIN 5 chain  A 49 A 55 sequence GAAACAC
4kzd GAAACAC  chain R 37 R 43 
 motifID: 4   HELIX 4 chain  A 10 A 13 A 32 A 35 sequence GGCG CGUU
 motifID: 5   HELIX 7 chain  A 14 A 20 A 24 A 30 sequence CAGCGUC GACGCUG
 motifID: 6   HELIX 8 chain  A 1 A 8 A 65 A 72 sequence GGCACUAU AUAGUGCC
 motifID: 7   HELIX 8 chain  A 42 A 49 A 55 A 62 sequence CAGACAAG CUUGUCUG
model_scaffold: 3
PK: 0
HELIX 4 chain  A 10 A 13 A 32 A 35 sequence GGCG CGUU
2-way 0 1 chain  A 13 A 14 A 30 A 32 sequence GC GAC
4 A 32 - 0 A 13
2-way 0 1 chain  A 13 A 14 A 30 A 32 sequence GC GAC
HELIX 7 chain  A 14 A 20 A 24 A 30 sequence CAGCGUC GACGCUG
0 A 30 - 5 A 14
HELIX 4 chain  A 10 A 13 A 32 A 35 sequence GGCG CGUU
3-way 1 6 2 chain  A 8 A 10 A 35 A 42 A 62 A 65 sequence UGG UACAGGCC GAUA
4 A 35 - 1 A 10
3-way 1 6 2 chain  A 8 A 10 A 35 A 42 A 62 A 65 sequence UGG UACAGGCC GAUA
HELIX 8 chain  A 1 A 8 A 65 A 72 sequence GGCACUAU AUAGUGCC
1 A 65 - 6 A 8
3-way 1 6 2 chain  A 8 A 10 A 35 A 42 A 62 A 65 sequence UGG UACAGGCC GAUA
HELIX 8 chain  A 42 A 49 A 55 A 62 sequence CAGACAAG CUUGUCUG
1 A 62 - 7 A 42
HELIX 7 chain  A 14 A 20 A 24 A 30 sequence CAGCGUC GACGCUG
HAIRPIN 3 chain  A 20 A 24 sequence CAAUG
5 A 24 - 2 A 20
HELIX 8 chain  A 42 A 49 A 55 A 62 sequence CAGACAAG CUUGUCUG
HAIRPIN 5 chain  A 49 A 55 sequence GAAACAC
7 A 55 - 3 A 49
All atom
model_allatom: 3
6mwn GGG CUUAAAUG CUCC  chain A 665 A 667 A 610 A 617 A 639 A 642 
 motifID: 2   HAIRPIN 3 chain  A 20 A 24 sequence CAAUG
6tmf CAACG  chain A 398 A 402 
 motifID: 3   HAIRPIN 5 chain  A 49 A 55 sequence GAAACAC
4kzd GAAACAC  chain R 37 R 43 
 motifID: 4   HELIX 4 chain  A 10 A 13 A 32 A 35 sequence GGCG CGUU
 motifID: 5   HELIX 7 chain  A 14 A 20 A 24 A 30 sequence CAGCGUC GACGCUG
 motifID: 6   HELIX 8 chain  A 1 A 8 A 65 A 72 sequence GGCACUAU AUAGUGCC
 motifID: 7   HELIX 8 chain  A 42 A 49 A 55 A 62 sequence CAGACAAG CUUGUCUG
model_scaffold: 4
PK: 0
HELIX 4 chain  A 10 A 13 A 32 A 35 sequence GGCG CGUU
2-way 0 1 chain  A 13 A 14 A 30 A 32 sequence GC GAC
4 A 32 - 0 A 13
2-way 0 1 chain  A 13 A 14 A 30 A 32 sequence GC GAC
HELIX 7 chain  A 14 A 20 A 24 A 30 sequence CAGCGUC GACGCUG
0 A 30 - 5 A 14
HELIX 4 chain  A 10 A 13 A 32 A 35 sequence GGCG CGUU
3-way 1 6 2 chain  A 8 A 10 A 35 A 42 A 62 A 65 sequence UGG UACAGGCC GAUA
4 A 35 - 1 A 10
3-way 1 6 2 chain  A 8 A 10 A 35 A 42 A 62 A 65 sequence UGG UACAGGCC GAUA
HELIX 8 chain  A 1 A 8 A 65 A 72 sequence GGCACUAU AUAGUGCC
1 A 65 - 6 A 8
3-way 1 6 2 chain  A 8 A 10 A 35 A 42 A 62 A 65 sequence UGG UACAGGCC GAUA
HELIX 8 chain  A 42 A 49 A 55 A 62 sequence CAGACAAG CUUGUCUG
1 A 62 - 7 A 42
HELIX 7 chain  A 14 A 20 A 24 A 30 sequence CAGCGUC GACGCUG
HAIRPIN 3 chain  A 20 A 24 sequence CAAUG
5 A 24 - 2 A 20
HELIX 8 chain  A 42 A 49 A 55 A 62 sequence CAGACAAG CUUGUCUG
HAIRPIN 5 chain  A 49 A 55 sequence GAAACAC
7 A 55 - 3 A 49
All atom
model_allatom: 4
2a64 GCA UAGUGUUC GAGC  chain  A 61 A 63 A 81 A 88 A 248 A 251 
 motifID: 2   HAIRPIN 3 chain  A 20 A 24 sequence CAAUG
6tmf CAACG  chain A 398 A 402 
 motifID: 3   HAIRPIN 5 chain  A 49 A 55 sequence GAAACAC
4kzd GAAACAC  chain R 37 R 43 
 motifID: 4   HELIX 4 chain  A 10 A 13 A 32 A 35 sequence GGCG CGUU
 motifID: 5   HELIX 7 chain  A 14 A 20 A 24 A 30 sequence CAGCGUC GACGCUG
 motifID: 6   HELIX 8 chain  A 1 A 8 A 65 A 72 sequence GGCACUAU AUAGUGCC
 motifID: 7   HELIX 8 chain  A 42 A 49 A 55 A 62 sequence CAGACAAG CUUGUCUG
model_scaffold: 5
PK: 0
HELIX 4 chain  A 10 A 13 A 32 A 35 sequence GGCG CGUU
2-way 0 1 chain  A 13 A 14 A 30 A 32 sequence GC GAC
4 A 32 - 0 A 13
2-way 0 1 chain  A 13 A 14 A 30 A 32 sequence GC GAC
HELIX 7 chain  A 14 A 20 A 24 A 30 sequence CAGCGUC GACGCUG
0 A 30 - 5 A 14
HELIX 4 chain  A 10 A 13 A 32 A 35 sequence GGCG CGUU
3-way 1 6 2 chain  A 8 A 10 A 35 A 42 A 62 A 65 sequence UGG UACAGGCC GAUA
4 A 35 - 1 A 10
3-way 1 6 2 chain  A 8 A 10 A 35 A 42 A 62 A 65 sequence UGG UACAGGCC GAUA
HELIX 8 chain  A 1 A 8 A 65 A 72 sequence GGCACUAU AUAGUGCC
1 A 65 - 6 A 8
3-way 1 6 2 chain  A 8 A 10 A 35 A 42 A 62 A 65 sequence UGG UACAGGCC GAUA
HELIX 8 chain  A 42 A 49 A 55 A 62 sequence CAGACAAG CUUGUCUG
1 A 62 - 7 A 42
HELIX 7 chain  A 14 A 20 A 24 A 30 sequence CAGCGUC GACGCUG
HAIRPIN 3 chain  A 20 A 24 sequence CAAUG
5 A 24 - 2 A 20
HELIX 8 chain  A 42 A 49 A 55 A 62 sequence CAGACAAG CUUGUCUG
HAIRPIN 5 chain  A 49 A 55 sequence GAAACAC
7 A 55 - 3 A 49
All atom
model_allatom: 5
1c2w GC GAC  chain B 36 B 37 B 442 B 444 
 motifID: 1   3-way 1 6 2 chain  A 8 A 10 A 35 A 42 A 62 A 65 sequence UGG UACAGGCC GAUA
4a18 UGG UGAGGGGC GCGA  chain  1 547 1 549 1 618 1 625 1 632 1 635 
 motifID: 2   HAIRPIN 3 chain  A 20 A 24 sequence CAAUG
6tmf CAACG  chain A 398 A 402 
 motifID: 3   HAIRPIN 5 chain  A 49 A 55 sequence GAAACAC
4kzd GAAACAC  chain R 37 R 43 
 motifID: 4   HELIX 4 chain  A 10 A 13 A 32 A 35 sequence GGCG CGUU
 motifID: 5   HELIX 7 chain  A 14 A 20 A 24 A 30 sequence CAGCGUC GACGCUG
 motifID: 6   HELIX 8 chain  A 1 A 8 A 65 A 72 sequence GGCACUAU AUAGUGCC
 motifID: 7   HELIX 8 chain  A 42 A 49 A 55 A 62 sequence CAGACAAG CUUGUCUG
model_scaffold: 6
PK: 0
HELIX 4 chain  A 10 A 13 A 32 A 35 sequence GGCG CGUU
2-way 0 1 chain  A 13 A 14 A 30 A 32 sequence GC GAC
4 A 32 - 0 A 13
2-way 0 1 chain  A 13 A 14 A 30 A 32 sequence GC GAC
HELIX 7 chain  A 14 A 20 A 24 A 30 sequence CAGCGUC GACGCUG
0 A 30 - 5 A 14
HELIX 4 chain  A 10 A 13 A 32 A 35 sequence GGCG CGUU
3-way 1 6 2 chain  A 8 A 10 A 35 A 42 A 62 A 65 sequence UGG UACAGGCC GAUA
4 A 35 - 1 A 10
3-way 1 6 2 chain  A 8 A 10 A 35 A 42 A 62 A 65 sequence UGG UACAGGCC GAUA
HELIX 8 chain  A 1 A 8 A 65 A 72 sequence GGCACUAU AUAGUGCC
1 A 65 - 6 A 8
3-way 1 6 2 chain  A 8 A 10 A 35 A 42 A 62 A 65 sequence UGG UACAGGCC GAUA
HELIX 8 chain  A 42 A 49 A 55 A 62 sequence CAGACAAG CUUGUCUG
1 A 62 - 7 A 42
HELIX 7 chain  A 14 A 20 A 24 A 30 sequence CAGCGUC GACGCUG
HAIRPIN 3 chain  A 20 A 24 sequence CAAUG
5 A 24 - 2 A 20
HELIX 8 chain  A 42 A 49 A 55 A 62 sequence CAGACAAG CUUGUCUG
HAIRPIN 5 chain  A 49 A 55 sequence GAAACAC
7 A 55 - 3 A 49
All atom
model_allatom: 6
4a1b UGG UGAGGGGC GCGA  chain  1 547 1 549 1 618 1 625 1 632 1 635 
 motifID: 2   HAIRPIN 3 chain  A 20 A 24 sequence CAAUG
6tmf CAACG  chain A 398 A 402 
 motifID: 3   HAIRPIN 5 chain  A 49 A 55 sequence GAAACAC
4kzd GAAACAC  chain R 37 R 43 
 motifID: 4   HELIX 4 chain  A 10 A 13 A 32 A 35 sequence GGCG CGUU
 motifID: 5   HELIX 7 chain  A 14 A 20 A 24 A 30 sequence CAGCGUC GACGCUG
 motifID: 6   HELIX 8 chain  A 1 A 8 A 65 A 72 sequence GGCACUAU AUAGUGCC
 motifID: 7   HELIX 8 chain  A 42 A 49 A 55 A 62 sequence CAGACAAG CUUGUCUG
model_scaffold: 7
PK: 0
HELIX 4 chain  A 10 A 13 A 32 A 35 sequence GGCG CGUU
2-way 0 1 chain  A 13 A 14 A 30 A 32 sequence GC GAC
4 A 32 - 0 A 13
2-way 0 1 chain  A 13 A 14 A 30 A 32 sequence GC GAC
HELIX 7 chain  A 14 A 20 A 24 A 30 sequence CAGCGUC GACGCUG
0 A 30 - 5 A 14
HELIX 4 chain  A 10 A 13 A 32 A 35 sequence GGCG CGUU
3-way 1 6 2 chain  A 8 A 10 A 35 A 42 A 62 A 65 sequence UGG UACAGGCC GAUA
4 A 35 - 1 A 10
3-way 1 6 2 chain  A 8 A 10 A 35 A 42 A 62 A 65 sequence UGG UACAGGCC GAUA
HELIX 8 chain  A 1 A 8 A 65 A 72 sequence GGCACUAU AUAGUGCC
1 A 65 - 6 A 8
3-way 1 6 2 chain  A 8 A 10 A 35 A 42 A 62 A 65 sequence UGG UACAGGCC GAUA
HELIX 8 chain  A 42 A 49 A 55 A 62 sequence CAGACAAG CUUGUCUG
1 A 62 - 7 A 42
HELIX 7 chain  A 14 A 20 A 24 A 30 sequence CAGCGUC GACGCUG
HAIRPIN 3 chain  A 20 A 24 sequence CAAUG
5 A 24 - 2 A 20
HELIX 8 chain  A 42 A 49 A 55 A 62 sequence CAGACAAG CUUGUCUG
HAIRPIN 5 chain  A 49 A 55 sequence GAAACAC
7 A 55 - 3 A 49
All atom
model_allatom: 7
4v8p UGG UGAGGGGC GCGA  chain  A 547 A 549 A 618 A 625 A 632 A 635 
 motifID: 2   HAIRPIN 3 chain  A 20 A 24 sequence CAAUG
6tmf CAACG  chain A 398 A 402 
 motifID: 3   HAIRPIN 5 chain  A 49 A 55 sequence GAAACAC
4kzd GAAACAC  chain R 37 R 43 
 motifID: 4   HELIX 4 chain  A 10 A 13 A 32 A 35 sequence GGCG CGUU
 motifID: 5   HELIX 7 chain  A 14 A 20 A 24 A 30 sequence CAGCGUC GACGCUG
 motifID: 6   HELIX 8 chain  A 1 A 8 A 65 A 72 sequence GGCACUAU AUAGUGCC
 motifID: 7   HELIX 8 chain  A 42 A 49 A 55 A 62 sequence CAGACAAG CUUGUCUG
model_scaffold: 8
PK: 0
HELIX 4 chain  A 10 A 13 A 32 A 35 sequence GGCG CGUU
2-way 0 1 chain  A 13 A 14 A 30 A 32 sequence GC GAC
4 A 32 - 0 A 13
2-way 0 1 chain  A 13 A 14 A 30 A 32 sequence GC GAC
HELIX 7 chain  A 14 A 20 A 24 A 30 sequence CAGCGUC GACGCUG
0 A 30 - 5 A 14
HELIX 4 chain  A 10 A 13 A 32 A 35 sequence GGCG CGUU
3-way 1 6 2 chain  A 8 A 10 A 35 A 42 A 62 A 65 sequence UGG UACAGGCC GAUA
4 A 35 - 1 A 10
3-way 1 6 2 chain  A 8 A 10 A 35 A 42 A 62 A 65 sequence UGG UACAGGCC GAUA
HELIX 8 chain  A 1 A 8 A 65 A 72 sequence GGCACUAU AUAGUGCC
1 A 65 - 6 A 8
3-way 1 6 2 chain  A 8 A 10 A 35 A 42 A 62 A 65 sequence UGG UACAGGCC GAUA
HELIX 8 chain  A 42 A 49 A 55 A 62 sequence CAGACAAG CUUGUCUG
1 A 62 - 7 A 42
HELIX 7 chain  A 14 A 20 A 24 A 30 sequence CAGCGUC GACGCUG
HAIRPIN 3 chain  A 20 A 24 sequence CAAUG
5 A 24 - 2 A 20
HELIX 8 chain  A 42 A 49 A 55 A 62 sequence CAGACAAG CUUGUCUG
HAIRPIN 5 chain  A 49 A 55 sequence GAAACAC
7 A 55 - 3 A 49
All atom
model_allatom: 8
6mwn GGG CUUAAAUG CUCC  chain A 665 A 667 A 610 A 617 A 639 A 642 
 motifID: 2   HAIRPIN 3 chain  A 20 A 24 sequence CAAUG
6tmf CAACG  chain A 398 A 402 
 motifID: 3   HAIRPIN 5 chain  A 49 A 55 sequence GAAACAC
4kzd GAAACAC  chain R 37 R 43 
 motifID: 4   HELIX 4 chain  A 10 A 13 A 32 A 35 sequence GGCG CGUU
 motifID: 5   HELIX 7 chain  A 14 A 20 A 24 A 30 sequence CAGCGUC GACGCUG
 motifID: 6   HELIX 8 chain  A 1 A 8 A 65 A 72 sequence GGCACUAU AUAGUGCC
 motifID: 7   HELIX 8 chain  A 42 A 49 A 55 A 62 sequence CAGACAAG CUUGUCUG
model_scaffold: 9
PK: 0
HELIX 4 chain  A 10 A 13 A 32 A 35 sequence GGCG CGUU
2-way 0 1 chain  A 13 A 14 A 30 A 32 sequence GC GAC
4 A 32 - 0 A 13
2-way 0 1 chain  A 13 A 14 A 30 A 32 sequence GC GAC
HELIX 7 chain  A 14 A 20 A 24 A 30 sequence CAGCGUC GACGCUG
0 A 30 - 5 A 14
HELIX 4 chain  A 10 A 13 A 32 A 35 sequence GGCG CGUU
3-way 1 6 2 chain  A 8 A 10 A 35 A 42 A 62 A 65 sequence UGG UACAGGCC GAUA
4 A 35 - 1 A 10
3-way 1 6 2 chain  A 8 A 10 A 35 A 42 A 62 A 65 sequence UGG UACAGGCC GAUA
HELIX 8 chain  A 1 A 8 A 65 A 72 sequence GGCACUAU AUAGUGCC
1 A 65 - 6 A 8
3-way 1 6 2 chain  A 8 A 10 A 35 A 42 A 62 A 65 sequence UGG UACAGGCC GAUA
HELIX 8 chain  A 42 A 49 A 55 A 62 sequence CAGACAAG CUUGUCUG
1 A 62 - 7 A 42
HELIX 7 chain  A 14 A 20 A 24 A 30 sequence CAGCGUC GACGCUG
HAIRPIN 3 chain  A 20 A 24 sequence CAAUG
5 A 24 - 2 A 20
HELIX 8 chain  A 42 A 49 A 55 A 62 sequence CAGACAAG CUUGUCUG
HAIRPIN 5 chain  A 49 A 55 sequence GAAACAC
7 A 55 - 3 A 49
All atom
model_allatom: 9
2a64 GCA UAGUGUUC GAGC  chain  A 61 A 63 A 81 A 88 A 248 A 251 
 motifID: 2   HAIRPIN 3 chain  A 20 A 24 sequence CAAUG
6tmf CAACG  chain A 398 A 402 
 motifID: 3   HAIRPIN 5 chain  A 49 A 55 sequence GAAACAC
4kzd GAAACAC  chain R 37 R 43 
 motifID: 4   HELIX 4 chain  A 10 A 13 A 32 A 35 sequence GGCG CGUU
 motifID: 5   HELIX 7 chain  A 14 A 20 A 24 A 30 sequence CAGCGUC GACGCUG
 motifID: 6   HELIX 8 chain  A 1 A 8 A 65 A 72 sequence GGCACUAU AUAGUGCC
 motifID: 7   HELIX 8 chain  A 42 A 49 A 55 A 62 sequence CAGACAAG CUUGUCUG
model_scaffold: 10
PK: 0
HELIX 4 chain  A 10 A 13 A 32 A 35 sequence GGCG CGUU
2-way 0 1 chain  A 13 A 14 A 30 A 32 sequence GC GAC
4 A 32 - 0 A 13
2-way 0 1 chain  A 13 A 14 A 30 A 32 sequence GC GAC
HELIX 7 chain  A 14 A 20 A 24 A 30 sequence CAGCGUC GACGCUG
0 A 30 - 5 A 14
HELIX 4 chain  A 10 A 13 A 32 A 35 sequence GGCG CGUU
3-way 1 6 2 chain  A 8 A 10 A 35 A 42 A 62 A 65 sequence UGG UACAGGCC GAUA
4 A 35 - 1 A 10
3-way 1 6 2 chain  A 8 A 10 A 35 A 42 A 62 A 65 sequence UGG UACAGGCC GAUA
HELIX 8 chain  A 1 A 8 A 65 A 72 sequence GGCACUAU AUAGUGCC
1 A 65 - 6 A 8
3-way 1 6 2 chain  A 8 A 10 A 35 A 42 A 62 A 65 sequence UGG UACAGGCC GAUA
HELIX 8 chain  A 42 A 49 A 55 A 62 sequence CAGACAAG CUUGUCUG
1 A 62 - 7 A 42
HELIX 7 chain  A 14 A 20 A 24 A 30 sequence CAGCGUC GACGCUG
HAIRPIN 3 chain  A 20 A 24 sequence CAAUG
5 A 24 - 2 A 20
HELIX 8 chain  A 42 A 49 A 55 A 62 sequence CAGACAAG CUUGUCUG
HAIRPIN 5 chain  A 49 A 55 sequence GAAACAC
7 A 55 - 3 A 49
All atom
model_allatom: 10
3j0y GC GAC  chain  B 36 B 37 B 442 B 444 
 motifID: 1   3-way 1 6 2 chain  A 8 A 10 A 35 A 42 A 62 A 65 sequence UGG UACAGGCC GAUA
4a18 UGG UGAGGGGC GCGA  chain  1 547 1 549 1 618 1 625 1 632 1 635 
 motifID: 2   HAIRPIN 3 chain  A 20 A 24 sequence CAAUG
6tmf CAACG  chain A 398 A 402 
 motifID: 3   HAIRPIN 5 chain  A 49 A 55 sequence GAAACAC
4kzd GAAACAC  chain R 37 R 43 
 motifID: 4   HELIX 4 chain  A 10 A 13 A 32 A 35 sequence GGCG CGUU
 motifID: 5   HELIX 7 chain  A 14 A 20 A 24 A 30 sequence CAGCGUC GACGCUG
 motifID: 6   HELIX 8 chain  A 1 A 8 A 65 A 72 sequence GGCACUAU AUAGUGCC
 motifID: 7   HELIX 8 chain  A 42 A 49 A 55 A 62 sequence CAGACAAG CUUGUCUG
model_scaffold: 11
PK: 0
HELIX 4 chain  A 10 A 13 A 32 A 35 sequence GGCG CGUU
2-way 0 1 chain  A 13 A 14 A 30 A 32 sequence GC GAC
4 A 32 - 0 A 13
2-way 0 1 chain  A 13 A 14 A 30 A 32 sequence GC GAC
HELIX 7 chain  A 14 A 20 A 24 A 30 sequence CAGCGUC GACGCUG
0 A 30 - 5 A 14
HELIX 4 chain  A 10 A 13 A 32 A 35 sequence GGCG CGUU
3-way 1 6 2 chain  A 8 A 10 A 35 A 42 A 62 A 65 sequence UGG UACAGGCC GAUA
4 A 35 - 1 A 10
3-way 1 6 2 chain  A 8 A 10 A 35 A 42 A 62 A 65 sequence UGG UACAGGCC GAUA
HELIX 8 chain  A 1 A 8 A 65 A 72 sequence GGCACUAU AUAGUGCC
1 A 65 - 6 A 8
3-way 1 6 2 chain  A 8 A 10 A 35 A 42 A 62 A 65 sequence UGG UACAGGCC GAUA
HELIX 8 chain  A 42 A 49 A 55 A 62 sequence CAGACAAG CUUGUCUG
1 A 62 - 7 A 42
HELIX 7 chain  A 14 A 20 A 24 A 30 sequence CAGCGUC GACGCUG
HAIRPIN 3 chain  A 20 A 24 sequence CAAUG
5 A 24 - 2 A 20
HELIX 8 chain  A 42 A 49 A 55 A 62 sequence CAGACAAG CUUGUCUG
HAIRPIN 5 chain  A 49 A 55 sequence GAAACAC
7 A 55 - 3 A 49
All atom
model_allatom: 11
4a1b UGG UGAGGGGC GCGA  chain  1 547 1 549 1 618 1 625 1 632 1 635 
 motifID: 2   HAIRPIN 3 chain  A 20 A 24 sequence CAAUG
6tmf CAACG  chain A 398 A 402 
 motifID: 3   HAIRPIN 5 chain  A 49 A 55 sequence GAAACAC
4kzd GAAACAC  chain R 37 R 43 
 motifID: 4   HELIX 4 chain  A 10 A 13 A 32 A 35 sequence GGCG CGUU
 motifID: 5   HELIX 7 chain  A 14 A 20 A 24 A 30 sequence CAGCGUC GACGCUG
 motifID: 6   HELIX 8 chain  A 1 A 8 A 65 A 72 sequence GGCACUAU AUAGUGCC
 motifID: 7   HELIX 8 chain  A 42 A 49 A 55 A 62 sequence CAGACAAG CUUGUCUG
model_scaffold: 12
PK: 0
HELIX 4 chain  A 10 A 13 A 32 A 35 sequence GGCG CGUU
2-way 0 1 chain  A 13 A 14 A 30 A 32 sequence GC GAC
4 A 32 - 0 A 13
2-way 0 1 chain  A 13 A 14 A 30 A 32 sequence GC GAC
HELIX 7 chain  A 14 A 20 A 24 A 30 sequence CAGCGUC GACGCUG
0 A 30 - 5 A 14
HELIX 4 chain  A 10 A 13 A 32 A 35 sequence GGCG CGUU
3-way 1 6 2 chain  A 8 A 10 A 35 A 42 A 62 A 65 sequence UGG UACAGGCC GAUA
4 A 35 - 1 A 10
3-way 1 6 2 chain  A 8 A 10 A 35 A 42 A 62 A 65 sequence UGG UACAGGCC GAUA
HELIX 8 chain  A 1 A 8 A 65 A 72 sequence GGCACUAU AUAGUGCC
1 A 65 - 6 A 8
3-way 1 6 2 chain  A 8 A 10 A 35 A 42 A 62 A 65 sequence UGG UACAGGCC GAUA
HELIX 8 chain  A 42 A 49 A 55 A 62 sequence CAGACAAG CUUGUCUG
1 A 62 - 7 A 42
HELIX 7 chain  A 14 A 20 A 24 A 30 sequence CAGCGUC GACGCUG
HAIRPIN 3 chain  A 20 A 24 sequence CAAUG
5 A 24 - 2 A 20
HELIX 8 chain  A 42 A 49 A 55 A 62 sequence CAGACAAG CUUGUCUG
HAIRPIN 5 chain  A 49 A 55 sequence GAAACAC
7 A 55 - 3 A 49
All atom
model_allatom: 12
4v8p UGG UGAGGGGC GCGA  chain  A 547 A 549 A 618 A 625 A 632 A 635 
 motifID: 2   HAIRPIN 3 chain  A 20 A 24 sequence CAAUG
6tmf CAACG  chain A 398 A 402 
 motifID: 3   HAIRPIN 5 chain  A 49 A 55 sequence GAAACAC
4kzd GAAACAC  chain R 37 R 43 
 motifID: 4   HELIX 4 chain  A 10 A 13 A 32 A 35 sequence GGCG CGUU
 motifID: 5   HELIX 7 chain  A 14 A 20 A 24 A 30 sequence CAGCGUC GACGCUG
 motifID: 6   HELIX 8 chain  A 1 A 8 A 65 A 72 sequence GGCACUAU AUAGUGCC
 motifID: 7   HELIX 8 chain  A 42 A 49 A 55 A 62 sequence CAGACAAG CUUGUCUG
model_scaffold: 13
PK: 0
HELIX 4 chain  A 10 A 13 A 32 A 35 sequence GGCG CGUU
2-way 0 1 chain  A 13 A 14 A 30 A 32 sequence GC GAC
4 A 32 - 0 A 13
2-way 0 1 chain  A 13 A 14 A 30 A 32 sequence GC GAC
HELIX 7 chain  A 14 A 20 A 24 A 30 sequence CAGCGUC GACGCUG
0 A 30 - 5 A 14
HELIX 4 chain  A 10 A 13 A 32 A 35 sequence GGCG CGUU
3-way 1 6 2 chain  A 8 A 10 A 35 A 42 A 62 A 65 sequence UGG UACAGGCC GAUA
4 A 35 - 1 A 10
3-way 1 6 2 chain  A 8 A 10 A 35 A 42 A 62 A 65 sequence UGG UACAGGCC GAUA
HELIX 8 chain  A 1 A 8 A 65 A 72 sequence GGCACUAU AUAGUGCC
1 A 65 - 6 A 8
3-way 1 6 2 chain  A 8 A 10 A 35 A 42 A 62 A 65 sequence UGG UACAGGCC GAUA
HELIX 8 chain  A 42 A 49 A 55 A 62 sequence CAGACAAG CUUGUCUG
1 A 62 - 7 A 42
HELIX 7 chain  A 14 A 20 A 24 A 30 sequence CAGCGUC GACGCUG
HAIRPIN 3 chain  A 20 A 24 sequence CAAUG
5 A 24 - 2 A 20
HELIX 8 chain  A 42 A 49 A 55 A 62 sequence CAGACAAG CUUGUCUG
HAIRPIN 5 chain  A 49 A 55 sequence GAAACAC
7 A 55 - 3 A 49
All atom
model_allatom: 13
6mwn GGG CUUAAAUG CUCC  chain A 665 A 667 A 610 A 617 A 639 A 642 
 motifID: 2   HAIRPIN 3 chain  A 20 A 24 sequence CAAUG
6tmf CAACG  chain A 398 A 402 
 motifID: 3   HAIRPIN 5 chain  A 49 A 55 sequence GAAACAC
4kzd GAAACAC  chain R 37 R 43 
 motifID: 4   HELIX 4 chain  A 10 A 13 A 32 A 35 sequence GGCG CGUU
 motifID: 5   HELIX 7 chain  A 14 A 20 A 24 A 30 sequence CAGCGUC GACGCUG
 motifID: 6   HELIX 8 chain  A 1 A 8 A 65 A 72 sequence GGCACUAU AUAGUGCC
 motifID: 7   HELIX 8 chain  A 42 A 49 A 55 A 62 sequence CAGACAAG CUUGUCUG
model_scaffold: 14
PK: 0
HELIX 4 chain  A 10 A 13 A 32 A 35 sequence GGCG CGUU
2-way 0 1 chain  A 13 A 14 A 30 A 32 sequence GC GAC
4 A 32 - 0 A 13
2-way 0 1 chain  A 13 A 14 A 30 A 32 sequence GC GAC
HELIX 7 chain  A 14 A 20 A 24 A 30 sequence CAGCGUC GACGCUG
0 A 30 - 5 A 14
HELIX 4 chain  A 10 A 13 A 32 A 35 sequence GGCG CGUU
3-way 1 6 2 chain  A 8 A 10 A 35 A 42 A 62 A 65 sequence UGG UACAGGCC GAUA
4 A 35 - 1 A 10
3-way 1 6 2 chain  A 8 A 10 A 35 A 42 A 62 A 65 sequence UGG UACAGGCC GAUA
HELIX 8 chain  A 1 A 8 A 65 A 72 sequence GGCACUAU AUAGUGCC
1 A 65 - 6 A 8
3-way 1 6 2 chain  A 8 A 10 A 35 A 42 A 62 A 65 sequence UGG UACAGGCC GAUA
HELIX 8 chain  A 42 A 49 A 55 A 62 sequence CAGACAAG CUUGUCUG
1 A 62 - 7 A 42
HELIX 7 chain  A 14 A 20 A 24 A 30 sequence CAGCGUC GACGCUG
HAIRPIN 3 chain  A 20 A 24 sequence CAAUG
5 A 24 - 2 A 20
HELIX 8 chain  A 42 A 49 A 55 A 62 sequence CAGACAAG CUUGUCUG
HAIRPIN 5 chain  A 49 A 55 sequence GAAACAC
7 A 55 - 3 A 49
All atom
model_allatom: 14
2a64 GCA UAGUGUUC GAGC  chain  A 61 A 63 A 81 A 88 A 248 A 251 
 motifID: 2   HAIRPIN 3 chain  A 20 A 24 sequence CAAUG
6tmf CAACG  chain A 398 A 402 
 motifID: 3   HAIRPIN 5 chain  A 49 A 55 sequence GAAACAC
4kzd GAAACAC  chain R 37 R 43 
 motifID: 4   HELIX 4 chain  A 10 A 13 A 32 A 35 sequence GGCG CGUU
 motifID: 5   HELIX 7 chain  A 14 A 20 A 24 A 30 sequence CAGCGUC GACGCUG
 motifID: 6   HELIX 8 chain  A 1 A 8 A 65 A 72 sequence GGCACUAU AUAGUGCC
 motifID: 7   HELIX 8 chain  A 42 A 49 A 55 A 62 sequence CAGACAAG CUUGUCUG
model_scaffold: 15
PK: 0
HELIX 4 chain  A 10 A 13 A 32 A 35 sequence GGCG CGUU
2-way 0 1 chain  A 13 A 14 A 30 A 32 sequence GC GAC
4 A 32 - 0 A 13
2-way 0 1 chain  A 13 A 14 A 30 A 32 sequence GC GAC
HELIX 7 chain  A 14 A 20 A 24 A 30 sequence CAGCGUC GACGCUG
0 A 30 - 5 A 14
HELIX 4 chain  A 10 A 13 A 32 A 35 sequence GGCG CGUU
3-way 1 6 2 chain  A 8 A 10 A 35 A 42 A 62 A 65 sequence UGG UACAGGCC GAUA
4 A 35 - 1 A 10
3-way 1 6 2 chain  A 8 A 10 A 35 A 42 A 62 A 65 sequence UGG UACAGGCC GAUA
HELIX 8 chain  A 1 A 8 A 65 A 72 sequence GGCACUAU AUAGUGCC
1 A 65 - 6 A 8
3-way 1 6 2 chain  A 8 A 10 A 35 A 42 A 62 A 65 sequence UGG UACAGGCC GAUA
HELIX 8 chain  A 42 A 49 A 55 A 62 sequence CAGACAAG CUUGUCUG
1 A 62 - 7 A 42
HELIX 7 chain  A 14 A 20 A 24 A 30 sequence CAGCGUC GACGCUG
HAIRPIN 3 chain  A 20 A 24 sequence CAAUG
5 A 24 - 2 A 20
HELIX 8 chain  A 42 A 49 A 55 A 62 sequence CAGACAAG CUUGUCUG
HAIRPIN 5 chain  A 49 A 55 sequence GAAACAC
7 A 55 - 3 A 49
All atom
model_allatom: 15
2j28 GC GAC  chain  8 30 8 31 8 75 8 77 
 motifID: 1   3-way 1 6 2 chain  A 8 A 10 A 35 A 42 A 62 A 65 sequence UGG UACAGGCC GAUA
4a18 UGG UGAGGGGC GCGA  chain  1 547 1 549 1 618 1 625 1 632 1 635 
 motifID: 2   HAIRPIN 3 chain  A 20 A 24 sequence CAAUG
6tmf CAACG  chain A 398 A 402 
 motifID: 3   HAIRPIN 5 chain  A 49 A 55 sequence GAAACAC
4kzd GAAACAC  chain R 37 R 43 
 motifID: 4   HELIX 4 chain  A 10 A 13 A 32 A 35 sequence GGCG CGUU
 motifID: 5   HELIX 7 chain  A 14 A 20 A 24 A 30 sequence CAGCGUC GACGCUG
 motifID: 6   HELIX 8 chain  A 1 A 8 A 65 A 72 sequence GGCACUAU AUAGUGCC
 motifID: 7   HELIX 8 chain  A 42 A 49 A 55 A 62 sequence CAGACAAG CUUGUCUG
model_scaffold: 16
PK: 0
HELIX 4 chain  A 10 A 13 A 32 A 35 sequence GGCG CGUU
2-way 0 1 chain  A 13 A 14 A 30 A 32 sequence GC GAC
4 A 32 - 0 A 13
2-way 0 1 chain  A 13 A 14 A 30 A 32 sequence GC GAC
HELIX 7 chain  A 14 A 20 A 24 A 30 sequence CAGCGUC GACGCUG
0 A 30 - 5 A 14
HELIX 4 chain  A 10 A 13 A 32 A 35 sequence GGCG CGUU
3-way 1 6 2 chain  A 8 A 10 A 35 A 42 A 62 A 65 sequence UGG UACAGGCC GAUA
4 A 35 - 1 A 10
3-way 1 6 2 chain  A 8 A 10 A 35 A 42 A 62 A 65 sequence UGG UACAGGCC GAUA
HELIX 8 chain  A 1 A 8 A 65 A 72 sequence GGCACUAU AUAGUGCC
1 A 65 - 6 A 8
3-way 1 6 2 chain  A 8 A 10 A 35 A 42 A 62 A 65 sequence UGG UACAGGCC GAUA
HELIX 8 chain  A 42 A 49 A 55 A 62 sequence CAGACAAG CUUGUCUG
1 A 62 - 7 A 42
HELIX 7 chain  A 14 A 20 A 24 A 30 sequence CAGCGUC GACGCUG
HAIRPIN 3 chain  A 20 A 24 sequence CAAUG
5 A 24 - 2 A 20
HELIX 8 chain  A 42 A 49 A 55 A 62 sequence CAGACAAG CUUGUCUG
HAIRPIN 5 chain  A 49 A 55 sequence GAAACAC
7 A 55 - 3 A 49
All atom
model_allatom: 16
4a1b UGG UGAGGGGC GCGA  chain  1 547 1 549 1 618 1 625 1 632 1 635 
 motifID: 2   HAIRPIN 3 chain  A 20 A 24 sequence CAAUG
6tmf CAACG  chain A 398 A 402 
 motifID: 3   HAIRPIN 5 chain  A 49 A 55 sequence GAAACAC
4kzd GAAACAC  chain R 37 R 43 
 motifID: 4   HELIX 4 chain  A 10 A 13 A 32 A 35 sequence GGCG CGUU
 motifID: 5   HELIX 7 chain  A 14 A 20 A 24 A 30 sequence CAGCGUC GACGCUG
 motifID: 6   HELIX 8 chain  A 1 A 8 A 65 A 72 sequence GGCACUAU AUAGUGCC
 motifID: 7   HELIX 8 chain  A 42 A 49 A 55 A 62 sequence CAGACAAG CUUGUCUG
model_scaffold: 17
PK: 0
HELIX 4 chain  A 10 A 13 A 32 A 35 sequence GGCG CGUU
2-way 0 1 chain  A 13 A 14 A 30 A 32 sequence GC GAC
4 A 32 - 0 A 13
2-way 0 1 chain  A 13 A 14 A 30 A 32 sequence GC GAC
HELIX 7 chain  A 14 A 20 A 24 A 30 sequence CAGCGUC GACGCUG
0 A 30 - 5 A 14
HELIX 4 chain  A 10 A 13 A 32 A 35 sequence GGCG CGUU
3-way 1 6 2 chain  A 8 A 10 A 35 A 42 A 62 A 65 sequence UGG UACAGGCC GAUA
4 A 35 - 1 A 10
3-way 1 6 2 chain  A 8 A 10 A 35 A 42 A 62 A 65 sequence UGG UACAGGCC GAUA
HELIX 8 chain  A 1 A 8 A 65 A 72 sequence GGCACUAU AUAGUGCC
1 A 65 - 6 A 8
3-way 1 6 2 chain  A 8 A 10 A 35 A 42 A 62 A 65 sequence UGG UACAGGCC GAUA
HELIX 8 chain  A 42 A 49 A 55 A 62 sequence CAGACAAG CUUGUCUG
1 A 62 - 7 A 42
HELIX 7 chain  A 14 A 20 A 24 A 30 sequence CAGCGUC GACGCUG
HAIRPIN 3 chain  A 20 A 24 sequence CAAUG
5 A 24 - 2 A 20
HELIX 8 chain  A 42 A 49 A 55 A 62 sequence CAGACAAG CUUGUCUG
HAIRPIN 5 chain  A 49 A 55 sequence GAAACAC
7 A 55 - 3 A 49
All atom
model_allatom: 17
4v8p UGG UGAGGGGC GCGA  chain  A 547 A 549 A 618 A 625 A 632 A 635 
 motifID: 2   HAIRPIN 3 chain  A 20 A 24 sequence CAAUG
6tmf CAACG  chain A 398 A 402 
 motifID: 3   HAIRPIN 5 chain  A 49 A 55 sequence GAAACAC
4kzd GAAACAC  chain R 37 R 43 
 motifID: 4   HELIX 4 chain  A 10 A 13 A 32 A 35 sequence GGCG CGUU
 motifID: 5   HELIX 7 chain  A 14 A 20 A 24 A 30 sequence CAGCGUC GACGCUG
 motifID: 6   HELIX 8 chain  A 1 A 8 A 65 A 72 sequence GGCACUAU AUAGUGCC
 motifID: 7   HELIX 8 chain  A 42 A 49 A 55 A 62 sequence CAGACAAG CUUGUCUG
model_scaffold: 18
PK: 0
HELIX 4 chain  A 10 A 13 A 32 A 35 sequence GGCG CGUU
2-way 0 1 chain  A 13 A 14 A 30 A 32 sequence GC GAC
4 A 32 - 0 A 13
2-way 0 1 chain  A 13 A 14 A 30 A 32 sequence GC GAC
HELIX 7 chain  A 14 A 20 A 24 A 30 sequence CAGCGUC GACGCUG
0 A 30 - 5 A 14
HELIX 4 chain  A 10 A 13 A 32 A 35 sequence GGCG CGUU
3-way 1 6 2 chain  A 8 A 10 A 35 A 42 A 62 A 65 sequence UGG UACAGGCC GAUA
4 A 35 - 1 A 10
3-way 1 6 2 chain  A 8 A 10 A 35 A 42 A 62 A 65 sequence UGG UACAGGCC GAUA
HELIX 8 chain  A 1 A 8 A 65 A 72 sequence GGCACUAU AUAGUGCC
1 A 65 - 6 A 8
3-way 1 6 2 chain  A 8 A 10 A 35 A 42 A 62 A 65 sequence UGG UACAGGCC GAUA
HELIX 8 chain  A 42 A 49 A 55 A 62 sequence CAGACAAG CUUGUCUG
1 A 62 - 7 A 42
HELIX 7 chain  A 14 A 20 A 24 A 30 sequence CAGCGUC GACGCUG
HAIRPIN 3 chain  A 20 A 24 sequence CAAUG
5 A 24 - 2 A 20
HELIX 8 chain  A 42 A 49 A 55 A 62 sequence CAGACAAG CUUGUCUG
HAIRPIN 5 chain  A 49 A 55 sequence GAAACAC
7 A 55 - 3 A 49
All atom
model_allatom: 18
6mwn GGG CUUAAAUG CUCC  chain A 665 A 667 A 610 A 617 A 639 A 642 
 motifID: 2   HAIRPIN 3 chain  A 20 A 24 sequence CAAUG
6tmf CAACG  chain A 398 A 402 
 motifID: 3   HAIRPIN 5 chain  A 49 A 55 sequence GAAACAC
4kzd GAAACAC  chain R 37 R 43 
 motifID: 4   HELIX 4 chain  A 10 A 13 A 32 A 35 sequence GGCG CGUU
 motifID: 5   HELIX 7 chain  A 14 A 20 A 24 A 30 sequence CAGCGUC GACGCUG
 motifID: 6   HELIX 8 chain  A 1 A 8 A 65 A 72 sequence GGCACUAU AUAGUGCC
 motifID: 7   HELIX 8 chain  A 42 A 49 A 55 A 62 sequence CAGACAAG CUUGUCUG
model_scaffold: 19
PK: 0
HELIX 4 chain  A 10 A 13 A 32 A 35 sequence GGCG CGUU
2-way 0 1 chain  A 13 A 14 A 30 A 32 sequence GC GAC
4 A 32 - 0 A 13
2-way 0 1 chain  A 13 A 14 A 30 A 32 sequence GC GAC
HELIX 7 chain  A 14 A 20 A 24 A 30 sequence CAGCGUC GACGCUG
0 A 30 - 5 A 14
HELIX 4 chain  A 10 A 13 A 32 A 35 sequence GGCG CGUU
3-way 1 6 2 chain  A 8 A 10 A 35 A 42 A 62 A 65 sequence UGG UACAGGCC GAUA
4 A 35 - 1 A 10
3-way 1 6 2 chain  A 8 A 10 A 35 A 42 A 62 A 65 sequence UGG UACAGGCC GAUA
HELIX 8 chain  A 1 A 8 A 65 A 72 sequence GGCACUAU AUAGUGCC
1 A 65 - 6 A 8
3-way 1 6 2 chain  A 8 A 10 A 35 A 42 A 62 A 65 sequence UGG UACAGGCC GAUA
HELIX 8 chain  A 42 A 49 A 55 A 62 sequence CAGACAAG CUUGUCUG
1 A 62 - 7 A 42
HELIX 7 chain  A 14 A 20 A 24 A 30 sequence CAGCGUC GACGCUG
HAIRPIN 3 chain  A 20 A 24 sequence CAAUG
5 A 24 - 2 A 20
HELIX 8 chain  A 42 A 49 A 55 A 62 sequence CAGACAAG CUUGUCUG
HAIRPIN 5 chain  A 49 A 55 sequence GAAACAC
7 A 55 - 3 A 49
All atom
model_allatom: 19
2a64 GCA UAGUGUUC GAGC  chain  A 61 A 63 A 81 A 88 A 248 A 251 
 motifID: 2   HAIRPIN 3 chain  A 20 A 24 sequence CAAUG
6tmf CAACG  chain A 398 A 402 
 motifID: 3   HAIRPIN 5 chain  A 49 A 55 sequence GAAACAC
4kzd GAAACAC  chain R 37 R 43 
 motifID: 4   HELIX 4 chain  A 10 A 13 A 32 A 35 sequence GGCG CGUU
 motifID: 5   HELIX 7 chain  A 14 A 20 A 24 A 30 sequence CAGCGUC GACGCUG
 motifID: 6   HELIX 8 chain  A 1 A 8 A 65 A 72 sequence GGCACUAU AUAGUGCC
 motifID: 7   HELIX 8 chain  A 42 A 49 A 55 A 62 sequence CAGACAAG CUUGUCUG
model_scaffold: 20
PK: 0
HELIX 4 chain  A 10 A 13 A 32 A 35 sequence GGCG CGUU
2-way 0 1 chain  A 13 A 14 A 30 A 32 sequence GC GAC
4 A 32 - 0 A 13
2-way 0 1 chain  A 13 A 14 A 30 A 32 sequence GC GAC
HELIX 7 chain  A 14 A 20 A 24 A 30 sequence CAGCGUC GACGCUG
0 A 30 - 5 A 14
HELIX 4 chain  A 10 A 13 A 32 A 35 sequence GGCG CGUU
3-way 1 6 2 chain  A 8 A 10 A 35 A 42 A 62 A 65 sequence UGG UACAGGCC GAUA
4 A 35 - 1 A 10
3-way 1 6 2 chain  A 8 A 10 A 35 A 42 A 62 A 65 sequence UGG UACAGGCC GAUA
HELIX 8 chain  A 1 A 8 A 65 A 72 sequence GGCACUAU AUAGUGCC
1 A 65 - 6 A 8
3-way 1 6 2 chain  A 8 A 10 A 35 A 42 A 62 A 65 sequence UGG UACAGGCC GAUA
HELIX 8 chain  A 42 A 49 A 55 A 62 sequence CAGACAAG CUUGUCUG
1 A 62 - 7 A 42
HELIX 7 chain  A 14 A 20 A 24 A 30 sequence CAGCGUC GACGCUG
HAIRPIN 3 chain  A 20 A 24 sequence CAAUG
5 A 24 - 2 A 20
HELIX 8 chain  A 42 A 49 A 55 A 62 sequence CAGACAAG CUUGUCUG
HAIRPIN 5 chain  A 49 A 55 sequence GAAACAC
7 A 55 - 3 A 49
All atom
model_allatom: 20
2o45 GC GAC  chain  A 36 A 37 A 454 A 456 
 motifID: 1   3-way 1 6 2 chain  A 8 A 10 A 35 A 42 A 62 A 65 sequence UGG UACAGGCC GAUA
4a18 UGG UGAGGGGC GCGA  chain  1 547 1 549 1 618 1 625 1 632 1 635 
 motifID: 2   HAIRPIN 3 chain  A 20 A 24 sequence CAAUG
6tmf CAACG  chain A 398 A 402 
 motifID: 3   HAIRPIN 5 chain  A 49 A 55 sequence GAAACAC
4kzd GAAACAC  chain R 37 R 43 
 motifID: 4   HELIX 4 chain  A 10 A 13 A 32 A 35 sequence GGCG CGUU
 motifID: 5   HELIX 7 chain  A 14 A 20 A 24 A 30 sequence CAGCGUC GACGCUG
 motifID: 6   HELIX 8 chain  A 1 A 8 A 65 A 72 sequence GGCACUAU AUAGUGCC
 motifID: 7   HELIX 8 chain  A 42 A 49 A 55 A 62 sequence CAGACAAG CUUGUCUG
model_scaffold: 21
PK: 0
HELIX 4 chain  A 10 A 13 A 32 A 35 sequence GGCG CGUU
2-way 0 1 chain  A 13 A 14 A 30 A 32 sequence GC GAC
4 A 32 - 0 A 13
2-way 0 1 chain  A 13 A 14 A 30 A 32 sequence GC GAC
HELIX 7 chain  A 14 A 20 A 24 A 30 sequence CAGCGUC GACGCUG
0 A 30 - 5 A 14
HELIX 4 chain  A 10 A 13 A 32 A 35 sequence GGCG CGUU
3-way 1 6 2 chain  A 8 A 10 A 35 A 42 A 62 A 65 sequence UGG UACAGGCC GAUA
4 A 35 - 1 A 10
3-way 1 6 2 chain  A 8 A 10 A 35 A 42 A 62 A 65 sequence UGG UACAGGCC GAUA
HELIX 8 chain  A 1 A 8 A 65 A 72 sequence GGCACUAU AUAGUGCC
1 A 65 - 6 A 8
3-way 1 6 2 chain  A 8 A 10 A 35 A 42 A 62 A 65 sequence UGG UACAGGCC GAUA
HELIX 8 chain  A 42 A 49 A 55 A 62 sequence CAGACAAG CUUGUCUG
1 A 62 - 7 A 42
HELIX 7 chain  A 14 A 20 A 24 A 30 sequence CAGCGUC GACGCUG
HAIRPIN 3 chain  A 20 A 24 sequence CAAUG
5 A 24 - 2 A 20
HELIX 8 chain  A 42 A 49 A 55 A 62 sequence CAGACAAG CUUGUCUG
HAIRPIN 5 chain  A 49 A 55 sequence GAAACAC
7 A 55 - 3 A 49
All atom
model_allatom: 21
4a1b UGG UGAGGGGC GCGA  chain  1 547 1 549 1 618 1 625 1 632 1 635 
 motifID: 2   HAIRPIN 3 chain  A 20 A 24 sequence CAAUG
6tmf CAACG  chain A 398 A 402 
 motifID: 3   HAIRPIN 5 chain  A 49 A 55 sequence GAAACAC
4kzd GAAACAC  chain R 37 R 43 
 motifID: 4   HELIX 4 chain  A 10 A 13 A 32 A 35 sequence GGCG CGUU
 motifID: 5   HELIX 7 chain  A 14 A 20 A 24 A 30 sequence CAGCGUC GACGCUG
 motifID: 6   HELIX 8 chain  A 1 A 8 A 65 A 72 sequence GGCACUAU AUAGUGCC
 motifID: 7   HELIX 8 chain  A 42 A 49 A 55 A 62 sequence CAGACAAG CUUGUCUG
model_scaffold: 22
PK: 0
HELIX 4 chain  A 10 A 13 A 32 A 35 sequence GGCG CGUU
2-way 0 1 chain  A 13 A 14 A 30 A 32 sequence GC GAC
4 A 32 - 0 A 13
2-way 0 1 chain  A 13 A 14 A 30 A 32 sequence GC GAC
HELIX 7 chain  A 14 A 20 A 24 A 30 sequence CAGCGUC GACGCUG
0 A 30 - 5 A 14
HELIX 4 chain  A 10 A 13 A 32 A 35 sequence GGCG CGUU
3-way 1 6 2 chain  A 8 A 10 A 35 A 42 A 62 A 65 sequence UGG UACAGGCC GAUA
4 A 35 - 1 A 10
3-way 1 6 2 chain  A 8 A 10 A 35 A 42 A 62 A 65 sequence UGG UACAGGCC GAUA
HELIX 8 chain  A 1 A 8 A 65 A 72 sequence GGCACUAU AUAGUGCC
1 A 65 - 6 A 8
3-way 1 6 2 chain  A 8 A 10 A 35 A 42 A 62 A 65 sequence UGG UACAGGCC GAUA
HELIX 8 chain  A 42 A 49 A 55 A 62 sequence CAGACAAG CUUGUCUG
1 A 62 - 7 A 42
HELIX 7 chain  A 14 A 20 A 24 A 30 sequence CAGCGUC GACGCUG
HAIRPIN 3 chain  A 20 A 24 sequence CAAUG
5 A 24 - 2 A 20
HELIX 8 chain  A 42 A 49 A 55 A 62 sequence CAGACAAG CUUGUCUG
HAIRPIN 5 chain  A 49 A 55 sequence GAAACAC
7 A 55 - 3 A 49
All atom
model_allatom: 22
4v8p UGG UGAGGGGC GCGA  chain  A 547 A 549 A 618 A 625 A 632 A 635 
 motifID: 2   HAIRPIN 3 chain  A 20 A 24 sequence CAAUG
6tmf CAACG  chain A 398 A 402 
 motifID: 3   HAIRPIN 5 chain  A 49 A 55 sequence GAAACAC
4kzd GAAACAC  chain R 37 R 43 
 motifID: 4   HELIX 4 chain  A 10 A 13 A 32 A 35 sequence GGCG CGUU
 motifID: 5   HELIX 7 chain  A 14 A 20 A 24 A 30 sequence CAGCGUC GACGCUG
 motifID: 6   HELIX 8 chain  A 1 A 8 A 65 A 72 sequence GGCACUAU AUAGUGCC
 motifID: 7   HELIX 8 chain  A 42 A 49 A 55 A 62 sequence CAGACAAG CUUGUCUG
model_scaffold: 23
PK: 0
HELIX 4 chain  A 10 A 13 A 32 A 35 sequence GGCG CGUU
2-way 0 1 chain  A 13 A 14 A 30 A 32 sequence GC GAC
4 A 32 - 0 A 13
2-way 0 1 chain  A 13 A 14 A 30 A 32 sequence GC GAC
HELIX 7 chain  A 14 A 20 A 24 A 30 sequence CAGCGUC GACGCUG
0 A 30 - 5 A 14
HELIX 4 chain  A 10 A 13 A 32 A 35 sequence GGCG CGUU
3-way 1 6 2 chain  A 8 A 10 A 35 A 42 A 62 A 65 sequence UGG UACAGGCC GAUA
4 A 35 - 1 A 10
3-way 1 6 2 chain  A 8 A 10 A 35 A 42 A 62 A 65 sequence UGG UACAGGCC GAUA
HELIX 8 chain  A 1 A 8 A 65 A 72 sequence GGCACUAU AUAGUGCC
1 A 65 - 6 A 8
3-way 1 6 2 chain  A 8 A 10 A 35 A 42 A 62 A 65 sequence UGG UACAGGCC GAUA
HELIX 8 chain  A 42 A 49 A 55 A 62 sequence CAGACAAG CUUGUCUG
1 A 62 - 7 A 42
HELIX 7 chain  A 14 A 20 A 24 A 30 sequence CAGCGUC GACGCUG
HAIRPIN 3 chain  A 20 A 24 sequence CAAUG
5 A 24 - 2 A 20
HELIX 8 chain  A 42 A 49 A 55 A 62 sequence CAGACAAG CUUGUCUG
HAIRPIN 5 chain  A 49 A 55 sequence GAAACAC
7 A 55 - 3 A 49
All atom
model_allatom: 23
6mwn GGG CUUAAAUG CUCC  chain A 665 A 667 A 610 A 617 A 639 A 642 
 motifID: 2   HAIRPIN 3 chain  A 20 A 24 sequence CAAUG
6tmf CAACG  chain A 398 A 402 
 motifID: 3   HAIRPIN 5 chain  A 49 A 55 sequence GAAACAC
4kzd GAAACAC  chain R 37 R 43 
 motifID: 4   HELIX 4 chain  A 10 A 13 A 32 A 35 sequence GGCG CGUU
 motifID: 5   HELIX 7 chain  A 14 A 20 A 24 A 30 sequence CAGCGUC GACGCUG
 motifID: 6   HELIX 8 chain  A 1 A 8 A 65 A 72 sequence GGCACUAU AUAGUGCC
 motifID: 7   HELIX 8 chain  A 42 A 49 A 55 A 62 sequence CAGACAAG CUUGUCUG
model_scaffold: 24
PK: 0
HELIX 4 chain  A 10 A 13 A 32 A 35 sequence GGCG CGUU
2-way 0 1 chain  A 13 A 14 A 30 A 32 sequence GC GAC
4 A 32 - 0 A 13
2-way 0 1 chain  A 13 A 14 A 30 A 32 sequence GC GAC
HELIX 7 chain  A 14 A 20 A 24 A 30 sequence CAGCGUC GACGCUG
0 A 30 - 5 A 14
HELIX 4 chain  A 10 A 13 A 32 A 35 sequence GGCG CGUU
3-way 1 6 2 chain  A 8 A 10 A 35 A 42 A 62 A 65 sequence UGG UACAGGCC GAUA
4 A 35 - 1 A 10
3-way 1 6 2 chain  A 8 A 10 A 35 A 42 A 62 A 65 sequence UGG UACAGGCC GAUA
HELIX 8 chain  A 1 A 8 A 65 A 72 sequence GGCACUAU AUAGUGCC
1 A 65 - 6 A 8
3-way 1 6 2 chain  A 8 A 10 A 35 A 42 A 62 A 65 sequence UGG UACAGGCC GAUA
HELIX 8 chain  A 42 A 49 A 55 A 62 sequence CAGACAAG CUUGUCUG
1 A 62 - 7 A 42
HELIX 7 chain  A 14 A 20 A 24 A 30 sequence CAGCGUC GACGCUG
HAIRPIN 3 chain  A 20 A 24 sequence CAAUG
5 A 24 - 2 A 20
HELIX 8 chain  A 42 A 49 A 55 A 62 sequence CAGACAAG CUUGUCUG
HAIRPIN 5 chain  A 49 A 55 sequence GAAACAC
7 A 55 - 3 A 49
All atom
model_allatom: 24
2a64 GCA UAGUGUUC GAGC  chain  A 61 A 63 A 81 A 88 A 248 A 251 
 motifID: 2   HAIRPIN 3 chain  A 20 A 24 sequence CAAUG
6tmf CAACG  chain A 398 A 402 
 motifID: 3   HAIRPIN 5 chain  A 49 A 55 sequence GAAACAC
4kzd GAAACAC  chain R 37 R 43 
 motifID: 4   HELIX 4 chain  A 10 A 13 A 32 A 35 sequence GGCG CGUU
 motifID: 5   HELIX 7 chain  A 14 A 20 A 24 A 30 sequence CAGCGUC GACGCUG
 motifID: 6   HELIX 8 chain  A 1 A 8 A 65 A 72 sequence GGCACUAU AUAGUGCC
 motifID: 7   HELIX 8 chain  A 42 A 49 A 55 A 62 sequence CAGACAAG CUUGUCUG
model_scaffold: 25
PK: 0
HELIX 4 chain  A 10 A 13 A 32 A 35 sequence GGCG CGUU
2-way 0 1 chain  A 13 A 14 A 30 A 32 sequence GC GAC
4 A 32 - 0 A 13
2-way 0 1 chain  A 13 A 14 A 30 A 32 sequence GC GAC
HELIX 7 chain  A 14 A 20 A 24 A 30 sequence CAGCGUC GACGCUG
0 A 30 - 5 A 14
HELIX 4 chain  A 10 A 13 A 32 A 35 sequence GGCG CGUU
3-way 1 6 2 chain  A 8 A 10 A 35 A 42 A 62 A 65 sequence UGG UACAGGCC GAUA
4 A 35 - 1 A 10
3-way 1 6 2 chain  A 8 A 10 A 35 A 42 A 62 A 65 sequence UGG UACAGGCC GAUA
HELIX 8 chain  A 1 A 8 A 65 A 72 sequence GGCACUAU AUAGUGCC
1 A 65 - 6 A 8
3-way 1 6 2 chain  A 8 A 10 A 35 A 42 A 62 A 65 sequence UGG UACAGGCC GAUA
HELIX 8 chain  A 42 A 49 A 55 A 62 sequence CAGACAAG CUUGUCUG
1 A 62 - 7 A 42
HELIX 7 chain  A 14 A 20 A 24 A 30 sequence CAGCGUC GACGCUG
HAIRPIN 3 chain  A 20 A 24 sequence CAAUG
5 A 24 - 2 A 20
HELIX 8 chain  A 42 A 49 A 55 A 62 sequence CAGACAAG CUUGUCUG
HAIRPIN 5 chain  A 49 A 55 sequence GAAACAC
7 A 55 - 3 A 49
All atom
model_allatom: 25

/VfoldPipeline_standalone/Vfold3DLA/Data/vfoldLA/vfold3D2_cluster.o /Games/9C75/9C75/9C75/9C75_vfold3D_init0.pdb /Games/9C75/9C75/9C75/9C75_vfold3D-CLU.pdb 5 0
0 1
0 2
0 3
0 4
0 5
0 6
0 7
0 8
0 9
0 10
0 11
0 12
0 13
0 14
0 15
0 16
0 17
0 18
0 19
0 20
0 21
0 22
0 23
0 24
0 25
1 1 0
4 4 0
5 5 0
It took 12 seconds to get initial structures by Vfold3D.
